PID 8494 received SIGSEGV for address: 0x4
0   segfault-handler.node               0x0000000102fd6628 _ZL16segfault_handleriP9__siginfoPv + 252
1   libsystem_platform.dylib            0x00000001bae4d4c4 _sigtramp + 56
2   ffi_bindings.node                   0x00000001032b01b4 .Ldo_closure + 20
3   ffi_bindings.node                   0x00000001032b01b4 .Ldo_closure + 20
4   libaries_askar.dylib                0x0000000104fad0d0 _ZN64_$LT$aries_askar..ffi..log..CustomLogger$u20$as$u20$log..Log$GT$3log17h4fb0f529067643d0E + 380
5   libaries_askar.dylib                0x00000001053b5c00 _ZN3log17__private_api_log17hdb2b2499844fb346E + 152
6   libaries_askar.dylib                0x0000000104fa32ac askar_get_current_error + 116
7   ffi_bindings.node                   0x00000001032b0044 ffi_call_SYSV + 68
8   ffi_bindings.node                   0x00000001032ade50 ffi_call_int + 988
9   ffi_bindings.node                   0x00000001032a8734 _ZN3FFI3FFI7FFICallERKN4Napi12CallbackInfoE + 720
10  binding.node                        0x00000001031cd8d0 _ZN4Napi7details12WrapCallbackIZNS0_12CallbackDataIPFvRKNS_12CallbackInfoEEvE7WrapperEP10napi_env__P20napi_callback_info__EUlvE_EEP12napi_value__T_ + 60
11  binding.node                        0x00000001031cd878 _ZN4Napi7details12CallbackDataIPFvRKNS_12CallbackInfoEEvE7WrapperEP10napi_env__P20napi_callback_info__ + 28
12  node                                0x0000000100a1a06c _ZN6v8impl12_GLOBAL__N_123FunctionCallbackWrapper6InvokeERKN2v820FunctionCallbackInfoINS2_5ValueEEE + 104
13  node                                0x0000000100c1c4a4 _ZN2v88internal25FunctionCallbackArguments4CallENS0_15CallHandlerInfoE + 288
14  node                                0x0000000100c1c260 _ZN2v88internal12_GLOBAL__N_119HandleApiCallHelperILb0EEENS0_11MaybeHandleINS0_6ObjectEEEPNS0_7IsolateENS0_6HandleINS0_10HeapObjectEEESA_NS8_INS0_20FunctionTemplateInfoEEENS8_IS4_EENS0_16BuiltinArgumentsE + 456
15  node                                0x0000000100c1bd40 _ZN2v88internal21Builtin_HandleApiCallEiPmPNS0_7IsolateE + 224
16  node                                0x00000001008cc68c Builtins_CEntry_Return1_DontSaveFPRegs_ArgvOnStack_BuiltinExit + 108
17  ???                                 0x0000000107b8df24 0x0 + 4424523556
18  node                                0x00000001008567f8 Builtins_InterpreterEntryTrampoline + 248
19  node                                0x00000001008567f8 Builtins_InterpreterEntryTrampoline + 248
20  node                                0x00000001008567f8 Builtins_InterpreterEntryTrampoline + 248
21  node                                0x0000000100854610 Builtins_JSEntryTrampoline + 176
22  node                                0x00000001008542a4 Builtins_JSEntry + 164
23  node                                0x0000000100cc3e64 _ZN2v88internal12_GLOBAL__N_16InvokeEPNS0_7IsolateERKNS1_12InvokeParamsE + 2708
24  node                                0x0000000100cc3340 _ZN2v88internal9Execution4CallEPNS0_7IsolateENS0_6HandleINS0_6ObjectEEES6_iPS6_ + 100
25  node                                0x0000000100bd3658 _ZN2v88Function4CallENS_5LocalINS_7ContextEEENS1_INS_5ValueEEEiPS5_ + 320
26  node                                0x00000001009993ac _ZN4node20InternalMakeCallbackEPNS_11EnvironmentEN2v85LocalINS2_6ObjectEEES5_NS3_INS2_8FunctionEEEiPNS3_INS2_5ValueEEENS_13async_contextE + 464
27  node                                0x0000000100999760 _ZN4node12MakeCallbackEPN2v87IsolateENS0_5LocalINS0_6ObjectEEENS3_INS0_8FunctionEEEiPNS3_INS0_5ValueEEENS_13async_contextE + 188
28  node                                0x0000000100a30934 napi_make_callback + 504
29  ffi_bindings.node                   0x00000001032ab26c _ZNK4Napi17FunctionReference12MakeCallbackEP12napi_value__RKSt16initializer_listIS2_EP20napi_async_context__ + 132
30  ffi_bindings.node                   0x00000001032aadb0 _ZN3FFI12CallbackInfo12DispatchToV8EPNS_13callback_infoEPvPS3_b + 240
31  ffi_bindings.node                   0x00000001032ab74c _ZN3FFI12CallbackInfo15WatcherCallbackEP10uv_async_s + 52
